mode: count
github.com/ITSsafer-DevOps/N-Audit-Sentinel/cmd/n-audit-sentinel/main.go:32.13,39.12 5 0
github.com/ITSsafer-DevOps/N-Audit-Sentinel/cmd/n-audit-sentinel/main.go:39.12,43.3 3 0
github.com/ITSsafer-DevOps/N-Audit-Sentinel/cmd/n-audit-sentinel/main.go:46.2,46.42 1 0
github.com/ITSsafer-DevOps/N-Audit-Sentinel/cmd/n-audit-sentinel/main.go:46.42,53.7 7 0
github.com/ITSsafer-DevOps/N-Audit-Sentinel/cmd/n-audit-sentinel/main.go:53.7,55.22 2 0
github.com/ITSsafer-DevOps/N-Audit-Sentinel/cmd/n-audit-sentinel/main.go:55.22,57.10 2 0
github.com/ITSsafer-DevOps/N-Audit-Sentinel/cmd/n-audit-sentinel/main.go:60.4,60.78 1 0
github.com/ITSsafer-DevOps/N-Audit-Sentinel/cmd/n-audit-sentinel/main.go:60.78,62.5 1 0
github.com/ITSsafer-DevOps/N-Audit-Sentinel/cmd/n-audit-sentinel/main.go:63.4,63.11 1 0
github.com/ITSsafer-DevOps/N-Audit-Sentinel/cmd/n-audit-sentinel/main.go:64.22,66.11 2 0
github.com/ITSsafer-DevOps/N-Audit-Sentinel/cmd/n-audit-sentinel/main.go:67.39,67.39 0 0
github.com/ITSsafer-DevOps/N-Audit-Sentinel/cmd/n-audit-sentinel/main.go:73.2,74.16 2 0
github.com/ITSsafer-DevOps/N-Audit-Sentinel/cmd/n-audit-sentinel/main.go:74.16,77.3 2 0
github.com/ITSsafer-DevOps/N-Audit-Sentinel/cmd/n-audit-sentinel/main.go:77.8,79.3 1 0
github.com/ITSsafer-DevOps/N-Audit-Sentinel/cmd/n-audit-sentinel/main.go:81.2,82.16 2 0
github.com/ITSsafer-DevOps/N-Audit-Sentinel/cmd/n-audit-sentinel/main.go:82.16,85.3 2 0
github.com/ITSsafer-DevOps/N-Audit-Sentinel/cmd/n-audit-sentinel/main.go:85.8,87.3 1 0
github.com/ITSsafer-DevOps/N-Audit-Sentinel/cmd/n-audit-sentinel/main.go:90.2,90.50 1 0
github.com/ITSsafer-DevOps/N-Audit-Sentinel/cmd/n-audit-sentinel/main.go:90.50,93.3 2 0
github.com/ITSsafer-DevOps/N-Audit-Sentinel/cmd/n-audit-sentinel/main.go:95.2,97.16 3 0
github.com/ITSsafer-DevOps/N-Audit-Sentinel/cmd/n-audit-sentinel/main.go:97.16,100.3 2 0
github.com/ITSsafer-DevOps/N-Audit-Sentinel/cmd/n-audit-sentinel/main.go:104.2,116.16 8 0
github.com/ITSsafer-DevOps/N-Audit-Sentinel/cmd/n-audit-sentinel/main.go:116.16,119.3 2 0
github.com/ITSsafer-DevOps/N-Audit-Sentinel/cmd/n-audit-sentinel/main.go:122.2,128.16 6 0
github.com/ITSsafer-DevOps/N-Audit-Sentinel/cmd/n-audit-sentinel/main.go:128.16,131.3 2 0
github.com/ITSsafer-DevOps/N-Audit-Sentinel/cmd/n-audit-sentinel/main.go:134.2,135.29 2 0
github.com/ITSsafer-DevOps/N-Audit-Sentinel/cmd/n-audit-sentinel/main.go:135.29,138.3 2 0
github.com/ITSsafer-DevOps/N-Audit-Sentinel/cmd/n-audit-sentinel/main.go:141.2,142.23 2 0
github.com/ITSsafer-DevOps/N-Audit-Sentinel/cmd/n-audit-sentinel/main.go:142.23,144.3 1 0
github.com/ITSsafer-DevOps/N-Audit-Sentinel/cmd/n-audit-sentinel/main.go:145.2,145.27 1 0
github.com/ITSsafer-DevOps/N-Audit-Sentinel/cmd/n-audit-sentinel/main.go:145.27,147.3 1 0
github.com/ITSsafer-DevOps/N-Audit-Sentinel/cmd/n-audit-sentinel/main.go:148.2,148.40 1 0
github.com/ITSsafer-DevOps/N-Audit-Sentinel/cmd/n-audit-sentinel/main.go:148.40,151.3 2 0
github.com/ITSsafer-DevOps/N-Audit-Sentinel/cmd/n-audit-sentinel/main.go:152.2,155.48 2 0
github.com/ITSsafer-DevOps/N-Audit-Sentinel/cmd/n-audit-sentinel/main.go:155.48,158.22 2 0
github.com/ITSsafer-DevOps/N-Audit-Sentinel/cmd/n-audit-sentinel/main.go:158.22,160.4 1 0
github.com/ITSsafer-DevOps/N-Audit-Sentinel/cmd/n-audit-sentinel/main.go:162.3,163.17 2 0
github.com/ITSsafer-DevOps/N-Audit-Sentinel/cmd/n-audit-sentinel/main.go:163.17,166.4 2 0
github.com/ITSsafer-DevOps/N-Audit-Sentinel/cmd/n-audit-sentinel/main.go:166.9,174.132 6 0
github.com/ITSsafer-DevOps/N-Audit-Sentinel/cmd/n-audit-sentinel/main.go:174.132,177.5 2 0
github.com/ITSsafer-DevOps/N-Audit-Sentinel/cmd/n-audit-sentinel/main.go:177.10,181.5 3 0
github.com/ITSsafer-DevOps/N-Audit-Sentinel/cmd/n-audit-sentinel/main.go:184.4,184.17 1 0
github.com/ITSsafer-DevOps/N-Audit-Sentinel/cmd/n-audit-sentinel/main.go:184.17,186.76 2 0
github.com/ITSsafer-DevOps/N-Audit-Sentinel/cmd/n-audit-sentinel/main.go:186.76,189.6 2 0
github.com/ITSsafer-DevOps/N-Audit-Sentinel/cmd/n-audit-sentinel/main.go:189.11,191.6 1 0
github.com/ITSsafer-DevOps/N-Audit-Sentinel/cmd/n-audit-sentinel/main.go:197.2,200.107 3 0
github.com/ITSsafer-DevOps/N-Audit-Sentinel/cmd/n-audit-sentinel/main.go:200.107,202.3 1 0
github.com/ITSsafer-DevOps/N-Audit-Sentinel/cmd/n-audit-sentinel/main.go:205.2,210.46 3 0
github.com/ITSsafer-DevOps/N-Audit-Sentinel/cmd/n-audit-sentinel/main.go:210.46,212.3 1 0
github.com/ITSsafer-DevOps/N-Audit-Sentinel/cmd/n-audit-sentinel/main.go:214.2,215.19 2 0
github.com/ITSsafer-DevOps/N-Audit-Sentinel/cmd/n-audit-sentinel/main.go:215.19,217.3 1 0
github.com/ITSsafer-DevOps/N-Audit-Sentinel/cmd/n-audit-sentinel/main.go:217.8,218.65 1 0
github.com/ITSsafer-DevOps/N-Audit-Sentinel/cmd/n-audit-sentinel/main.go:218.65,220.4 1 0
github.com/ITSsafer-DevOps/N-Audit-Sentinel/cmd/n-audit-sentinel/main.go:220.9,222.4 1 0
github.com/ITSsafer-DevOps/N-Audit-Sentinel/cmd/n-audit-sentinel/main.go:225.2,225.59 1 0
github.com/ITSsafer-DevOps/N-Audit-Sentinel/cmd/n-audit-cli/main.go:15.13,21.16 3 0
github.com/ITSsafer-DevOps/N-Audit-Sentinel/cmd/n-audit-cli/main.go:21.16,24.3 2 0
github.com/ITSsafer-DevOps/N-Audit-Sentinel/cmd/n-audit-cli/main.go:27.2,27.53 1 0
github.com/ITSsafer-DevOps/N-Audit-Sentinel/cmd/n-audit-cli/main.go:27.53,31.3 3 0
github.com/ITSsafer-DevOps/N-Audit-Sentinel/cmd/n-audit-cli/main.go:34.2,34.107 1 0
github.com/ITSsafer-DevOps/N-Audit-Sentinel/cmd/n-audit-release/main.go:21.13,22.23 1 0
github.com/ITSsafer-DevOps/N-Audit-Sentinel/cmd/n-audit-release/main.go:22.23,25.3 2 0
github.com/ITSsafer-DevOps/N-Audit-Sentinel/cmd/n-audit-release/main.go:26.2,27.19 2 0
github.com/ITSsafer-DevOps/N-Audit-Sentinel/cmd/n-audit-release/main.go:27.19,30.3 2 0
github.com/ITSsafer-DevOps/N-Audit-Sentinel/cmd/n-audit-release/main.go:33.2,56.40 15 0
github.com/ITSsafer-DevOps/N-Audit-Sentinel/cmd/n-audit-release/main.go:56.40,68.3 11 0
github.com/ITSsafer-DevOps/N-Audit-Sentinel/cmd/n-audit-release/main.go:70.2,84.69 13 0
github.com/ITSsafer-DevOps/N-Audit-Sentinel/cmd/n-audit-release/main.go:87.48,93.2 5 0
github.com/ITSsafer-DevOps/N-Audit-Sentinel/cmd/n-audit-release/main.go:95.22,96.16 1 0
github.com/ITSsafer-DevOps/N-Audit-Sentinel/cmd/n-audit-release/main.go:96.16,98.26 2 0
github.com/ITSsafer-DevOps/N-Audit-Sentinel/cmd/n-audit-release/main.go:98.26,100.4 1 0
github.com/ITSsafer-DevOps/N-Audit-Sentinel/cmd/n-audit-release/main.go:100.9,102.4 1 0
github.com/ITSsafer-DevOps/N-Audit-Sentinel/cmd/n-audit-release/main.go:103.3,103.13 1 0
github.com/ITSsafer-DevOps/N-Audit-Sentinel/internal/discovery/k8s.go:18.39,22.30 3 2
github.com/ITSsafer-DevOps/N-Audit-Sentinel/internal/discovery/k8s.go:22.30,24.3 1 1
github.com/ITSsafer-DevOps/N-Audit-Sentinel/internal/discovery/k8s.go:26.2,26.46 1 1
github.com/ITSsafer-DevOps/N-Audit-Sentinel/internal/discovery/k8s.go:31.59,33.16 2 2
github.com/ITSsafer-DevOps/N-Audit-Sentinel/internal/discovery/k8s.go:33.16,35.3 1 1
github.com/ITSsafer-DevOps/N-Audit-Sentinel/internal/discovery/k8s.go:36.2,40.21 4 1
github.com/ITSsafer-DevOps/N-Audit-Sentinel/internal/discovery/k8s.go:40.21,42.49 2 4
github.com/ITSsafer-DevOps/N-Audit-Sentinel/internal/discovery/k8s.go:42.49,43.12 1 1
github.com/ITSsafer-DevOps/N-Audit-Sentinel/internal/discovery/k8s.go:45.3,45.44 1 3
github.com/ITSsafer-DevOps/N-Audit-Sentinel/internal/discovery/k8s.go:45.44,47.24 2 2
github.com/ITSsafer-DevOps/N-Audit-Sentinel/internal/discovery/k8s.go:47.24,49.5 1 2
github.com/ITSsafer-DevOps/N-Audit-Sentinel/internal/discovery/k8s.go:53.2,53.38 1 1
github.com/ITSsafer-DevOps/N-Audit-Sentinel/internal/discovery/k8s.go:53.38,55.3 1 0
github.com/ITSsafer-DevOps/N-Audit-Sentinel/internal/discovery/k8s.go:57.2,57.25 1 1
github.com/ITSsafer-DevOps/N-Audit-Sentinel/internal/logger/sanitizer.go:28.36,29.20 1 7
github.com/ITSsafer-DevOps/N-Audit-Sentinel/internal/logger/sanitizer.go:29.20,31.3 1 1
github.com/ITSsafer-DevOps/N-Audit-Sentinel/internal/logger/sanitizer.go:32.2,33.16 2 6
github.com/ITSsafer-DevOps/N-Audit-Sentinel/internal/logger/sanitizer.go:51.59,53.2 1 1
github.com/ITSsafer-DevOps/N-Audit-Sentinel/internal/logger/sanitizer.go:59.65,64.42 3 3
github.com/ITSsafer-DevOps/N-Audit-Sentinel/internal/logger/sanitizer.go:64.42,66.3 1 0
github.com/ITSsafer-DevOps/N-Audit-Sentinel/internal/logger/sanitizer.go:68.2,68.6 1 3
github.com/ITSsafer-DevOps/N-Audit-Sentinel/internal/logger/sanitizer.go:68.6,71.16 3 6
github.com/ITSsafer-DevOps/N-Audit-Sentinel/internal/logger/sanitizer.go:71.16,72.9 1 3
github.com/ITSsafer-DevOps/N-Audit-Sentinel/internal/logger/sanitizer.go:74.3,81.50 5 3
github.com/ITSsafer-DevOps/N-Audit-Sentinel/internal/logger/sanitizer.go:81.50,83.4 1 0
github.com/ITSsafer-DevOps/N-Audit-Sentinel/internal/logger/sanitizer.go:84.3,84.45 1 3
github.com/ITSsafer-DevOps/N-Audit-Sentinel/internal/logger/sanitizer.go:84.45,86.4 1 0
github.com/ITSsafer-DevOps/N-Audit-Sentinel/internal/logger/sanitizer.go:88.2,88.20 1 3
github.com/ITSsafer-DevOps/N-Audit-Sentinel/internal/recorder/session.go:34.99,35.6 1 0
github.com/ITSsafer-DevOps/N-Audit-Sentinel/internal/recorder/session.go:35.6,36.10 1 0
github.com/ITSsafer-DevOps/N-Audit-Sentinel/internal/recorder/session.go:37.21,39.14 1 0
github.com/ITSsafer-DevOps/N-Audit-Sentinel/internal/recorder/session.go:40.11,40.11 0 0
github.com/ITSsafer-DevOps/N-Audit-Sentinel/internal/recorder/session.go:43.3,43.68 1 0
github.com/ITSsafer-DevOps/N-Audit-Sentinel/internal/recorder/session.go:43.68,46.4 1 0
github.com/ITSsafer-DevOps/N-Audit-Sentinel/internal/recorder/session.go:49.3,49.101 1 0
github.com/ITSsafer-DevOps/N-Audit-Sentinel/internal/recorder/session.go:55.95,61.16 4 0
github.com/ITSsafer-DevOps/N-Audit-Sentinel/internal/recorder/session.go:61.16,63.3 1 0
github.com/ITSsafer-DevOps/N-Audit-Sentinel/internal/recorder/session.go:64.2,67.41 2 0
github.com/ITSsafer-DevOps/N-Audit-Sentinel/internal/recorder/session.go:67.41,68.73 1 0
github.com/ITSsafer-DevOps/N-Audit-Sentinel/internal/recorder/session.go:68.73,70.4 1 0
github.com/ITSsafer-DevOps/N-Audit-Sentinel/internal/recorder/session.go:74.2,76.12 3 0
github.com/ITSsafer-DevOps/N-Audit-Sentinel/internal/recorder/session.go:76.12,77.19 1 0
github.com/ITSsafer-DevOps/N-Audit-Sentinel/internal/recorder/session.go:77.19,78.43 1 0
github.com/ITSsafer-DevOps/N-Audit-Sentinel/internal/recorder/session.go:78.43,79.75 1 0
github.com/ITSsafer-DevOps/N-Audit-Sentinel/internal/recorder/session.go:79.75,81.6 1 0
github.com/ITSsafer-DevOps/N-Audit-Sentinel/internal/recorder/session.go:85.2,89.16 3 0
github.com/ITSsafer-DevOps/N-Audit-Sentinel/internal/recorder/session.go:89.16,91.3 1 0
github.com/ITSsafer-DevOps/N-Audit-Sentinel/internal/recorder/session.go:94.2,97.12 2 0
github.com/ITSsafer-DevOps/N-Audit-Sentinel/internal/recorder/session.go:97.12,101.3 3 0
github.com/ITSsafer-DevOps/N-Audit-Sentinel/internal/recorder/session.go:104.2,104.12 1 0
github.com/ITSsafer-DevOps/N-Audit-Sentinel/internal/recorder/session.go:104.12,107.3 2 0
github.com/ITSsafer-DevOps/N-Audit-Sentinel/internal/recorder/session.go:110.2,111.12 2 0
github.com/ITSsafer-DevOps/N-Audit-Sentinel/internal/recorder/session.go:111.12,113.3 1 0
github.com/ITSsafer-DevOps/N-Audit-Sentinel/internal/recorder/session.go:115.2,115.9 1 0
github.com/ITSsafer-DevOps/N-Audit-Sentinel/internal/recorder/session.go:116.20,119.19 2 0
github.com/ITSsafer-DevOps/N-Audit-Sentinel/internal/recorder/session.go:120.24,122.13 1 0
github.com/ITSsafer-DevOps/N-Audit-Sentinel/internal/policy/cilium.go:33.47,35.16 2 0
github.com/ITSsafer-DevOps/N-Audit-Sentinel/internal/policy/cilium.go:35.16,37.17 2 0
github.com/ITSsafer-DevOps/N-Audit-Sentinel/internal/policy/cilium.go:37.17,39.4 1 0
github.com/ITSsafer-DevOps/N-Audit-Sentinel/internal/policy/cilium.go:42.2,43.16 2 0
github.com/ITSsafer-DevOps/N-Audit-Sentinel/internal/policy/cilium.go:43.16,45.3 1 0
github.com/ITSsafer-DevOps/N-Audit-Sentinel/internal/policy/cilium.go:47.2,47.49 1 0
github.com/ITSsafer-DevOps/N-Audit-Sentinel/internal/policy/cilium.go:62.33,80.20 3 0
github.com/ITSsafer-DevOps/N-Audit-Sentinel/internal/policy/cilium.go:80.20,82.22 2 0
github.com/ITSsafer-DevOps/N-Audit-Sentinel/internal/policy/cilium.go:82.22,98.4 2 0
github.com/ITSsafer-DevOps/N-Audit-Sentinel/internal/policy/cilium.go:101.2,101.23 1 0
github.com/ITSsafer-DevOps/N-Audit-Sentinel/internal/policy/cilium.go:101.23,103.32 2 0
github.com/ITSsafer-DevOps/N-Audit-Sentinel/internal/policy/cilium.go:103.32,107.4 1 0
github.com/ITSsafer-DevOps/N-Audit-Sentinel/internal/policy/cilium.go:108.3,120.45 2 0
github.com/ITSsafer-DevOps/N-Audit-Sentinel/internal/policy/cilium.go:124.2,133.44 3 0
github.com/ITSsafer-DevOps/N-Audit-Sentinel/internal/policy/cilium.go:133.44,137.3 1 0
github.com/ITSsafer-DevOps/N-Audit-Sentinel/internal/policy/cilium.go:138.2,152.24 3 0
github.com/ITSsafer-DevOps/N-Audit-Sentinel/internal/policy/cilium.go:152.24,154.32 2 0
github.com/ITSsafer-DevOps/N-Audit-Sentinel/internal/policy/cilium.go:154.32,155.34 1 0
github.com/ITSsafer-DevOps/N-Audit-Sentinel/internal/policy/cilium.go:155.34,157.5 1 0
github.com/ITSsafer-DevOps/N-Audit-Sentinel/internal/policy/cilium.go:158.4,160.6 1 0
github.com/ITSsafer-DevOps/N-Audit-Sentinel/internal/policy/cilium.go:162.3,167.50 2 0
github.com/ITSsafer-DevOps/N-Audit-Sentinel/internal/policy/cilium.go:170.2,170.28 1 0
github.com/ITSsafer-DevOps/N-Audit-Sentinel/internal/policy/cilium.go:170.28,172.40 2 0
github.com/ITSsafer-DevOps/N-Audit-Sentinel/internal/policy/cilium.go:172.40,176.4 1 0
github.com/ITSsafer-DevOps/N-Audit-Sentinel/internal/policy/cilium.go:177.3,180.54 2 0
github.com/ITSsafer-DevOps/N-Audit-Sentinel/internal/policy/cilium.go:183.2,184.15 2 0
github.com/ITSsafer-DevOps/N-Audit-Sentinel/internal/policy/cilium.go:196.9,203.16 3 0
github.com/ITSsafer-DevOps/N-Audit-Sentinel/internal/policy/cilium.go:203.16,205.3 1 0
github.com/ITSsafer-DevOps/N-Audit-Sentinel/internal/policy/cilium.go:206.2,206.12 1 0
github.com/ITSsafer-DevOps/N-Audit-Sentinel/internal/policy/cilium.go:211.73,217.16 2 0
github.com/ITSsafer-DevOps/N-Audit-Sentinel/internal/policy/cilium.go:217.16,219.3 1 0
github.com/ITSsafer-DevOps/N-Audit-Sentinel/internal/policy/cilium.go:220.2,220.12 1 0
github.com/ITSsafer-DevOps/N-Audit-Sentinel/internal/signature/seal.go:23.56,25.16 2 1
github.com/ITSsafer-DevOps/N-Audit-Sentinel/internal/signature/seal.go:25.16,27.3 1 0
github.com/ITSsafer-DevOps/N-Audit-Sentinel/internal/signature/seal.go:29.2,33.16 4 1
github.com/ITSsafer-DevOps/N-Audit-Sentinel/internal/signature/seal.go:33.16,35.3 1 0
github.com/ITSsafer-DevOps/N-Audit-Sentinel/internal/signature/seal.go:37.2,38.16 2 1
github.com/ITSsafer-DevOps/N-Audit-Sentinel/internal/signature/seal.go:38.16,40.3 1 0
github.com/ITSsafer-DevOps/N-Audit-Sentinel/internal/signature/seal.go:42.2,43.16 2 1
github.com/ITSsafer-DevOps/N-Audit-Sentinel/internal/signature/seal.go:43.16,45.3 1 0
github.com/ITSsafer-DevOps/N-Audit-Sentinel/internal/signature/seal.go:46.2,51.16 4 1
github.com/ITSsafer-DevOps/N-Audit-Sentinel/internal/signature/seal.go:51.16,53.3 1 0
github.com/ITSsafer-DevOps/N-Audit-Sentinel/internal/signature/seal.go:54.2,56.51 2 1
github.com/ITSsafer-DevOps/N-Audit-Sentinel/internal/signature/seal.go:56.51,58.3 1 0
github.com/ITSsafer-DevOps/N-Audit-Sentinel/internal/signature/seal.go:59.2,59.12 1 1
github.com/ITSsafer-DevOps/N-Audit-Sentinel/internal/tui/tui.go:27.30,33.2 5 0
github.com/ITSsafer-DevOps/N-Audit-Sentinel/internal/tui/tui.go:38.95,41.21 3 1
github.com/ITSsafer-DevOps/N-Audit-Sentinel/internal/tui/tui.go:41.21,42.27 1 0
github.com/ITSsafer-DevOps/N-Audit-Sentinel/internal/tui/tui.go:42.27,44.4 1 0
github.com/ITSsafer-DevOps/N-Audit-Sentinel/internal/tui/tui.go:45.3,45.24 1 0
github.com/ITSsafer-DevOps/N-Audit-Sentinel/internal/tui/tui.go:47.2,49.21 3 1
github.com/ITSsafer-DevOps/N-Audit-Sentinel/internal/tui/tui.go:49.21,50.27 1 0
github.com/ITSsafer-DevOps/N-Audit-Sentinel/internal/tui/tui.go:50.27,52.4 1 0
github.com/ITSsafer-DevOps/N-Audit-Sentinel/internal/tui/tui.go:53.3,53.35 1 0
github.com/ITSsafer-DevOps/N-Audit-Sentinel/internal/tui/tui.go:55.2,56.39 2 1
github.com/ITSsafer-DevOps/N-Audit-Sentinel/internal/tui/tui.go:63.76,69.6 4 1
github.com/ITSsafer-DevOps/N-Audit-Sentinel/internal/tui/tui.go:69.6,71.22 2 4
github.com/ITSsafer-DevOps/N-Audit-Sentinel/internal/tui/tui.go:71.22,72.28 1 0
github.com/ITSsafer-DevOps/N-Audit-Sentinel/internal/tui/tui.go:72.28,74.5 1 0
github.com/ITSsafer-DevOps/N-Audit-Sentinel/internal/tui/tui.go:75.4,75.28 1 0
github.com/ITSsafer-DevOps/N-Audit-Sentinel/internal/tui/tui.go:77.3,78.17 2 4
github.com/ITSsafer-DevOps/N-Audit-Sentinel/internal/tui/tui.go:78.17,79.17 1 2
github.com/ITSsafer-DevOps/N-Audit-Sentinel/internal/tui/tui.go:79.17,80.10 1 1
github.com/ITSsafer-DevOps/N-Audit-Sentinel/internal/tui/tui.go:82.4,83.12 2 1
github.com/ITSsafer-DevOps/N-Audit-Sentinel/internal/tui/tui.go:85.3,86.26 2 2
github.com/ITSsafer-DevOps/N-Audit-Sentinel/internal/tui/tui.go:90.2,92.6 3 1
github.com/ITSsafer-DevOps/N-Audit-Sentinel/internal/tui/tui.go:92.6,94.22 2 4
github.com/ITSsafer-DevOps/N-Audit-Sentinel/internal/tui/tui.go:94.22,95.28 1 0
github.com/ITSsafer-DevOps/N-Audit-Sentinel/internal/tui/tui.go:95.28,97.5 1 0
github.com/ITSsafer-DevOps/N-Audit-Sentinel/internal/tui/tui.go:98.4,98.28 1 0
github.com/ITSsafer-DevOps/N-Audit-Sentinel/internal/tui/tui.go:100.3,101.17 2 4
github.com/ITSsafer-DevOps/N-Audit-Sentinel/internal/tui/tui.go:101.17,102.17 1 2
github.com/ITSsafer-DevOps/N-Audit-Sentinel/internal/tui/tui.go:102.17,103.10 1 1
github.com/ITSsafer-DevOps/N-Audit-Sentinel/internal/tui/tui.go:105.4,106.12 2 1
github.com/ITSsafer-DevOps/N-Audit-Sentinel/internal/tui/tui.go:108.3,109.34 2 2
github.com/ITSsafer-DevOps/N-Audit-Sentinel/internal/tui/tui.go:111.2,111.26 1 1
github.com/ITSsafer-DevOps/N-Audit-Sentinel/internal/validation/scope.go:12.96,14.25 1 6
github.com/ITSsafer-DevOps/N-Audit-Sentinel/internal/validation/scope.go:14.25,16.15 2 9
github.com/ITSsafer-DevOps/N-Audit-Sentinel/internal/validation/scope.go:16.15,17.12 1 0
github.com/ITSsafer-DevOps/N-Audit-Sentinel/internal/validation/scope.go:19.3,19.32 1 9
github.com/ITSsafer-DevOps/N-Audit-Sentinel/internal/validation/scope.go:19.32,20.50 1 4
github.com/ITSsafer-DevOps/N-Audit-Sentinel/internal/validation/scope.go:20.50,22.5 1 2
github.com/ITSsafer-DevOps/N-Audit-Sentinel/internal/validation/scope.go:22.10,24.5 1 2
github.com/ITSsafer-DevOps/N-Audit-Sentinel/internal/validation/scope.go:25.9,26.48 1 5
github.com/ITSsafer-DevOps/N-Audit-Sentinel/internal/validation/scope.go:26.48,28.5 1 3
github.com/ITSsafer-DevOps/N-Audit-Sentinel/internal/validation/scope.go:28.10,30.5 1 2
github.com/ITSsafer-DevOps/N-Audit-Sentinel/internal/validation/scope.go:35.2,35.28 1 6
github.com/ITSsafer-DevOps/N-Audit-Sentinel/internal/validation/scope.go:35.28,37.14 2 10
github.com/ITSsafer-DevOps/N-Audit-Sentinel/internal/validation/scope.go:37.14,38.12 1 0
github.com/ITSsafer-DevOps/N-Audit-Sentinel/internal/validation/scope.go:40.3,40.89 1 10
github.com/ITSsafer-DevOps/N-Audit-Sentinel/internal/validation/scope.go:40.89,42.12 2 4
github.com/ITSsafer-DevOps/N-Audit-Sentinel/internal/validation/scope.go:44.3,44.32 1 6
github.com/ITSsafer-DevOps/N-Audit-Sentinel/internal/validation/scope.go:44.32,46.12 2 2
github.com/ITSsafer-DevOps/N-Audit-Sentinel/internal/validation/scope.go:48.3,48.54 1 4
github.com/ITSsafer-DevOps/N-Audit-Sentinel/internal/validation/scope.go:48.54,50.12 2 0
github.com/ITSsafer-DevOps/N-Audit-Sentinel/internal/validation/scope.go:52.3,52.41 1 4
github.com/ITSsafer-DevOps/N-Audit-Sentinel/internal/validation/scope.go:54.2,54.41 1 6
